<?xml version="1.0" encoding="UTF-8" ?>
<testsuite tests="6" failures="0" name="com.balibek.classroster.service.ClassRosterServiceLayerImplTest" time="0.013" errors="0" skipped="0">
  <properties>
[...]
</properties>
  <testcase classname="com.balibek.classroster.service.ClassRosterServiceLayerImplTest" name="testValidStudent" time="0.012"/>
  <testcase classname="com.balibek.classroster.service.ClassRosterServiceLayerImplTest" name="testGetStudent" time="0"/>
  <testcase classname="com.balibek.classroster.service.ClassRosterServiceLayerImplTest" name="testCreateStudentInvalidData" time="0"/>
  <testcase classname="com.balibek.classroster.service.ClassRosterServiceLayerImplTest" name="testGetAllStudent" time="0"/>
  <testcase classname="com.balibek.classroster.service.ClassRosterServiceLayerImplTest" name="testRemoveStudent" time="0"/>
  <testcase classname="com.balibek.classroster.service.ClassRosterServiceLayerImplTest" name="testDupStudent" time="0.001"/>
</testsuite>